e:\git\ag\waypointalg\waypointalg\debug\waypointalg.pch
e:\git\ag\waypointalg\waypointalg\debug\vc120.pdb
e:\git\ag\waypointalg\waypointalg\debug\vc120.idb
e:\git\ag\waypointalg\waypointalg\debug\stdafx.obj
e:\git\ag\waypointalg\waypointalg\debug\coordtransform.obj
e:\git\ag\waypointalg\waypointalg\debug\debugio.obj
e:\git\ag\waypointalg\waypointalg\debug\djiedge.obj
e:\git\ag\waypointalg\waypointalg\debug\djimatd.obj
e:\git\ag\waypointalg\waypointalg\debug\djipoint.obj
e:\git\ag\waypointalg\waypointalg\debug\djiutils.obj
e:\git\ag\waypointalg\waypointalg\debug\edgegenaration.obj
e:\git\ag\waypointalg\waypointalg\debug\blockmanager.obj
e:\git\ag\waypointalg\waypointalg\debug\spraytask.obj
e:\git\ag\waypointalg\waypointalg\debug\waypointalg.obj
e:\git\ag\waypointalg\waypointalg\debug\ppetask.obj
e:\git\ag\waypointalg\debug\waypointalg.ilk
e:\git\ag\waypointalg\debug\waypointalg.exe
e:\git\ag\waypointalg\debug\waypointalg.pdb
e:\git\ag\waypointalg\waypointalg\debug\waypointalg.tlog\cl.command.1.tlog
e:\git\ag\waypointalg\waypointalg\debug\waypointalg.tlog\cl.read.1.tlog
e:\git\ag\waypointalg\waypointalg\debug\waypointalg.tlog\cl.write.1.tlog
e:\git\ag\waypointalg\waypointalg\debug\waypointalg.tlog\link.command.1.tlog
e:\git\ag\waypointalg\waypointalg\debug\waypointalg.tlog\link.read.1.tlog
e:\git\ag\waypointalg\waypointalg\debug\waypointalg.tlog\link.write.1.tlog
